Rebuild target 'Target 1'
assembling STARTUP.A51...
compiling adc.c...
compiling delay.c...
compiling eeprom.c...
compiling gpio.c...
compiling main.c...
compiling pwm.c...
compiling timer.c...
compiling uart.c...
compiling interrupt.c...
compiling ntc.c...
compiling pwmset.c...
compiling serial_comport.c...
compiling eeprom_read_write.c...
compiling power_crl.c...
compiling wind_crl.c...
compiling screen.c...
compiling temp_monitor.c...
linking...
*** WARNING L16: UNCALLED SEGMENT, IGNORED FOR OVERLAY PROCESS
    SEGMENT: ?PR?_DELAY_US?DELAY

*** WARNING L16: UNCALLED SEGMENT, IGNORED FOR OVERLAY PROCESS
    SEGMENT: ?PR?_UART4_SENDSTR?SERIAL_COMPORT

*** WARNING L16: UNCALLED SEGMENT, IGNORED FOR OVERLAY PROCESS
    SEGMENT: ?PR?EEPROM_READ_WRITE?EEPROM_READ_WRITE

*** WARNING L16: UNCALLED SEGMENT, IGNORED FOR OVERLAY PROCESS
    SEGMENT: ?PR?TEMP_SACN?TEMP_MONITOR

Program Size: data=16.4 xdata=620 code=3828
creating hex file from ".\Output\WK06V1.7"...
".\Output\WK06V1.7" - 0 Error(s), 4 Warning(s).
Build Time Elapsed:  00:00:02
