C51 COMPILER V9.60.7.0   DELAY                                                             12/08/2024 23:47:18 PAGE 1   


C51 COMPILER V9.60.7.0, COMPILATION OF MODULE DELAY
OBJECT MODULE PLACED IN .\Output\delay.obj
COMPILER INVOKED BY: D:\APP\Keil_STM32\C51\BIN\C51.EXE Core\Src\delay.c LARGE OPTIMIZE(8,SPEED) BROWSE INCDIR(.\BSP\Inc;
                    -.\Core\Inc;.\Drivers;.\Emembed\Inc;.\Emembed\Inc;.\Middlewares;.\SYSTEM) DEBUG OBJECTEXTEND PRINT(.\Listings\delay.lst) 
                    -OBJECT(.\Output\delay.obj)

line level    source

   1          #include "delay.h"
   2          
   3          /**
   4           * @brief ms 级延时函数
   5           *
   6           * @param[in] time 延时时间
   7           * 
   8           * @return  
   9           * 
  10           * */
  11          
  12          void delay_ms( uint16_t time )  //@11.0592MHz
  13          {
  14   1              uint8_t  i, j;
  15   1          for( ; time > 0; time-- )
  16   1          {
  17   2              _nop_();
  18   2              _nop_();
  19   2              _nop_();
  20   2              i = 11;
  21   2              j = 190;
  22   2              do
  23   2              {
  24   3                  while (--j);
  25   3              } while (--i);
  26   2          }
  27   1      }
  28          
  29          /**
  30           * @brief  us 级延时函数
  31           *
  32           * @param[in] time 延时时间
  33           * 
  34           * @return  
  35           * 
  36           * */
  37          
  38          void delay_us( uint16_t time )  //@11.0592MHz
  39          {
  40   1          for( ; time > 0; time-- )
  41   1          {
  42   2              _nop_();
  43   2              _nop_();
  44   2              _nop_();
  45   2          }
  46   1      }


MODULE INFORMATION:   STATIC OVERLAYABLE
   CODE SIZE        =     48    ----
   CONSTANT SIZE    =   ----    ----
   XDATA SIZE       =   ----    ----
   PDATA SIZE       =   ----    ----
C51 COMPILER V9.60.7.0   DELAY                                                             12/08/2024 23:47:18 PAGE 2   

   DATA SIZE        =   ----    ----
   IDATA SIZE       =   ----    ----
   BIT SIZE         =   ----    ----
END OF MODULE INFORMATION.


C51 COMPILATION COMPLETE.  0 WARNING(S),  0 ERROR(S)
