C51 COMPILER V9.60.7.0   EEPROM                                                            12/08/2024 16:13:43 PAGE 1   


C51 COMPILER V9.60.7.0, COMPILATION OF MODULE EEPROM
OBJECT MODULE PLACED IN .\Output\eeprom.obj
COMPILER INVOKED BY: D:\APP\Keil_v5\C51\BIN\C51.EXE Core\Src\eeprom.c LARGE OPTIMIZE(8,SPEED) BROWSE INCDIR(.\BSP\Inc;.\
                    -Core\Inc;.\Drivers;.\Emembed\Inc;.\Emembed\Inc;.\Middlewares;.\SYSTEM) DEBUG OBJECTEXTEND PRINT(.\Listings\eeprom.lst) O
                    -BJECT(.\Output\eeprom.obj)

line level    source

   1          #include "eeprom.h"
   2          
   3          void ISP_Idle( void )
   4          {
   5   1          IAP_CONTR = 0X00;
   6   1          IAP_CMD   = 0X00;
   7   1          IAP_TRIG  = 0X00;
   8   1          IAP_ADDRH = 0X80;
   9   1          IAP_ADDRL = 0X00; 
  10   1      }
  11          
  12          uint8_t ISP_Read( uint16_t addr )
  13          {
  14   1          uint8_t dat;
  15   1          
  16   1          IAP_CONTR = 0X80;
  17   1          IAP_TPS = 12;
  18   1          IAP_CMD = 0X01;
  19   1          IAP_ADDRL = addr;
  20   1          IAP_ADDRH = addr>>8;
  21   1          
  22   1          IAP_TRIG = 0X5A;
  23   1          IAP_TRIG = 0XA5;
  24   1          
  25   1          delay_ms(10);
  26   1          
  27   1          dat = IAP_DATA;
  28   1          
  29   1          ISP_Idle();
  30   1          
  31   1          return dat;
  32   1      }
  33          
  34          void ISP_Write( uint16_t addr, uint8_t dat )
  35          {
  36   1          IAP_CONTR = 0X80;
  37   1          IAP_TPS = 12;
  38   1          IAP_CMD = 0X02;
  39   1          IAP_ADDRL = addr;
  40   1          IAP_ADDRH = addr>>8;
  41   1          IAP_DATA = dat;
  42   1          
  43   1          IAP_TRIG = 0X5A;
  44   1          IAP_TRIG = 0XA5;
  45   1          
  46   1          delay_ms(10);
  47   1          
  48   1          ISP_Idle();
  49   1      }
  50          
  51          void ISP_Earse( uint16_t addr )
  52          {   
  53   1          IAP_CONTR = 0X80;
C51 COMPILER V9.60.7.0   EEPROM                                                            12/08/2024 16:13:43 PAGE 2   

  54   1          IAP_TPS = 12;
  55   1          IAP_CMD = 0X03;
  56   1          IAP_ADDRL = addr;
  57   1          IAP_ADDRH = addr>>8;
  58   1          
  59   1          IAP_TRIG = 0X5A;
  60   1          IAP_TRIG = 0XA5;
  61   1          
  62   1          delay_ms(10);
  63   1          
  64   1          ISP_Idle();
  65   1      }
  66          


MODULE INFORMATION:   STATIC OVERLAYABLE
   CODE SIZE        =    109    ----
   CONSTANT SIZE    =   ----    ----
   XDATA SIZE       =   ----    ----
   PDATA SIZE       =   ----    ----
   DATA SIZE        =   ----    ----
   IDATA SIZE       =   ----    ----
   BIT SIZE         =   ----    ----
END OF MODULE INFORMATION.


C51 COMPILATION COMPLETE.  0 WARNING(S),  0 ERROR(S)
