C51 COMPILER V9.60.7.0   MAIN                                                              12/08/2024 23:47:18 PAGE 1   


C51 COMPILER V9.60.7.0, COMPILATION OF MODULE MAIN
OBJECT MODULE PLACED IN .\Output\main.obj
COMPILER INVOKED BY: D:\APP\Keil_STM32\C51\BIN\C51.EXE Core\Src\main.c LARGE OPTIMIZE(8,SPEED) BROWSE INCDIR(.\BSP\Inc;.
                    -\Core\Inc;.\Drivers;.\Emembed\Inc;.\Emembed\Inc;.\Middlewares;.\SYSTEM) DEBUG OBJECTEXTEND PRINT(.\Listings\main.lst) OB
                    -JECT(.\Output\main.obj)

line level    source

   1          #include "main.h"
   2          #include "serial_comport.h"
   3          #include "ntc.h"
   4          #include "pwmset.h"
   5          #include "screen.h"
   6          #include "eeprom_read_write.h"
   7          #include "wind_crl.h"
   8          
   9          void main( void )
  10          {
  11   1          P_SW2 |= 0x80;
  12   1          GPIO_Init();
  13   1          ADC_Init();
  14   1          Uart1_Init();
  15   1          Uart3_Init();
  16   1          Uart4_Init();
  17   1          Tim0_Init();
  18   1          Tim1_Init();
  19   1          Tim3_Init();
  20   1          
  21   1          ET0_Init();
  22   1          PWM_Init();  
  23   1          eeprom_data_init(); 
  24   1          EA = 1;
  25   1      
  26   1          printf("======== code start ========\r\n");  
  27   1          while (1)
  28   1          {
  29   2              receive_form_screen();
  30   2              wind_crl( PWMx_5,2);
  31   2              delay_us(1000);
  32   2              temp_sacn();
  33   2              eeprom_read_write();
  34   2          }
  35   1          
  36   1      }


MODULE INFORMATION:   STATIC OVERLAYABLE
   CODE SIZE        =     72    ----
   CONSTANT SIZE    =     31    ----
   XDATA SIZE       =   ----    ----
   PDATA SIZE       =   ----    ----
   DATA SIZE        =   ----    ----
   IDATA SIZE       =   ----    ----
   BIT SIZE         =   ----    ----
END OF MODULE INFORMATION.


C51 COMPILATION COMPLETE.  0 WARNING(S),  0 ERROR(S)
