C51 COMPILER V9.60.7.0   POWER_CRL                                                         12/24/2024 11:00:39 PAGE 1   


C51 COMPILER V9.60.7.0, COMPILATION OF MODULE POWER_CRL
OBJECT MODULE PLACED IN .\Output\power_crl.obj
COMPILER INVOKED BY: D:\APP\Keil_v5\C51\BIN\C51.EXE Emembed\Src\power_crl.c LARGE OPTIMIZE(8,SPEED) BROWSE INCDIR(.\BSP\
                    -Inc;.\Core\Inc;.\Drivers;.\Emembed\Inc;.\Emembed\Inc;.\Middlewares;.\SYSTEM) DEBUG OBJECTEXTEND PRINT(.\Listings\power_c
                    -rl.lst) OBJECT(.\Output\power_crl.obj)

line level    source

   1          #include "power_crl.h"
   2          
   3          bit power_bit = 0;
   4          


MODULE INFORMATION:   STATIC OVERLAYABLE
   CODE SIZE        =   ----    ----
   CONSTANT SIZE    =   ----    ----
   XDATA SIZE       =   ----    ----
   PDATA SIZE       =   ----    ----
   DATA SIZE        =   ----    ----
   IDATA SIZE       =   ----    ----
   BIT SIZE         =      1    ----
END OF MODULE INFORMATION.


C51 COMPILATION COMPLETE.  0 WARNING(S),  0 ERROR(S)
