C51 COMPILER V9.60.7.0   PWMSET                                                            12/08/2024 02:25:36 PAGE 1   


C51 COMPILER V9.60.7.0, COMPILATION OF MODULE PWMSET
OBJECT MODULE PLACED IN .\Output\pwmset.obj
COMPILER INVOKED BY: D:\APP\Keil_STM32\C51\BIN\C51.EXE BSP\Src\pwmset.c LARGE OPTIMIZE(8,SPEED) BROWSE INCDIR(.\BSP\Inc;
                    -.\Core\Inc;.\Drivers;.\Emembed\Inc;.\Emembed\Inc;.\Middlewares;.\SYSTEM) DEBUG OBJECTEXTEND PRINT(.\Listings\pwmset.lst)
                    - OBJECT(.\Output\pwmset.obj)

line level    source

   1          #include "pwmset.h"
   2          
   3          void PWM7_Crl( uint8_t num )
   4          {
   5   1          PWMB_CCR7 = 184 * num;
   6   1      }
   7          
   8          void PWM8_Crl( uint8_t num )
   9          {
  10   1          PWMB_CCR8 = 184 * num;
  11   1      }


MODULE INFORMATION:   STATIC OVERLAYABLE
   CODE SIZE        =     32    ----
   CONSTANT SIZE    =   ----    ----
   XDATA SIZE       =   ----    ----
   PDATA SIZE       =   ----    ----
   DATA SIZE        =   ----    ----
   IDATA SIZE       =   ----    ----
   BIT SIZE         =   ----    ----
END OF MODULE INFORMATION.


C51 COMPILATION COMPLETE.  0 WARNING(S),  0 ERROR(S)
