C51 COMPILER V9.60.7.0   SERIAL_COMPORT                                                    12/08/2024 23:47:19 PAGE 1   


C51 COMPILER V9.60.7.0, COMPILATION OF MODULE SERIAL_COMPORT
OBJECT MODULE PLACED IN .\Output\serial_comport.obj
COMPILER INVOKED BY: D:\APP\Keil_STM32\C51\BIN\C51.EXE BSP\Src\serial_comport.c LARGE OPTIMIZE(8,SPEED) BROWSE INCDIR(.\
                    -BSP\Inc;.\Core\Inc;.\Drivers;.\Emembed\Inc;.\Emembed\Inc;.\Middlewares;.\SYSTEM) DEBUG OBJECTEXTEND PRINT(.\Listings\ser
                    -ial_comport.lst) OBJECT(.\Output\serial_comport.obj)

line level    source

   1          #include "uart.h"
   2          #include "serial_comport.h"
   3          #include "interrupt.h"
   4          
   5          
   6          void Uart1_Sendbyte( uint8_t dat )
   7          {   
   8   1          while(busy_flag1);
   9   1          busy_flag1 = 1;
  10   1          SBUF = dat;
  11   1      }
  12          
  13          void Uart4_Sendbyte( uint8_t dat )
  14          {
  15   1          while(busy_flag4);
  16   1          busy_flag4 = 1;
  17   1          S4BUF = dat;
  18   1      }
  19          
  20          
  21          void Uart1_SendStr( uint8_t *sendstr )
  22          {   
  23   1          while(*sendstr)
  24   1          {
  25   2              Uart1_Sendbyte( *sendstr++ );
  26   2          }
  27   1      }
  28          
  29          void Uart4_SendStr( uint8_t *sendstr )
  30          {   
  31   1          while(*sendstr)
  32   1          {
  33   2              Uart4_Sendbyte( *sendstr++ );
  34   2          }
  35   1      }
  36          
  37          //void rs485()
  38          //{
  39          //    if(SBUF == 0X85 && busy_flag2 == 1)   
  40          //    {    
  41          //        TxRxSwitch = 1;
  42          //        delay_ms(5);    //延时1ms，不可省去
  43          //        
  44          //        Uart1SendStr("madezhenfan \r\n");
  45          //        delay_ms(5);   //延时根据内容调，发送内容越多，延时越久
  46          //        
  47          //        TxRxSwitch = 0;
  48          //        delay_ms(5);    //延时1ms，不可省去
  49          //            
  50          //        busy_flag2 = 0;
  51          //    }
  52          //}
  53          
C51 COMPILER V9.60.7.0   SERIAL_COMPORT                                                    12/08/2024 23:47:19 PAGE 2   

  54          // char putchar( char c )  // 串口重定向需要添加头文件stdio.h
  55          // {
  56          //     S4BUF = c;
  57          //     while(busy_flag4);
  58          //     busy_flag4 = 1;
  59          //     return c;
  60          // }
  61          
  62          char putchar(char c)  // 串口重定向需要添加头文件stdio.h
  63          {
  64   1          SBUF = c;
  65   1          while(!TI);
  66   1          TI = 0;
  67   1          return c;
  68   1      }


MODULE INFORMATION:   STATIC OVERLAYABLE
   CODE SIZE        =    126    ----
   CONSTANT SIZE    =   ----    ----
   XDATA SIZE       =   ----       6
   PDATA SIZE       =   ----    ----
   DATA SIZE        =   ----    ----
   IDATA SIZE       =   ----    ----
   BIT SIZE         =   ----    ----
END OF MODULE INFORMATION.


C51 COMPILATION COMPLETE.  0 WARNING(S),  0 ERROR(S)
