C51 COMPILER V9.60.7.0   TEMP_MONITOR                                                      12/08/2024 02:25:36 PAGE 1   


C51 COMPILER V9.60.7.0, COMPILATION OF MODULE TEMP_MONITOR
OBJECT MODULE PLACED IN .\Output\temp_monitor.obj
COMPILER INVOKED BY: D:\APP\Keil_STM32\C51\BIN\C51.EXE Emembed\Src\temp_monitor.c LARGE OPTIMIZE(8,SPEED) BROWSE INCDIR(
                    -.\BSP\Inc;.\Core\Inc;.\Drivers;.\Emembed\Inc;.\Emembed\Inc;.\Middlewares;.\SYSTEM) DEBUG OBJECTEXTEND PRINT(.\Listings\t
                    -emp_monitor.lst) OBJECT(.\Output\temp_monitor.obj)

line level    source

   1          #include "temp_monitor.h"
   2          
   3          uint8_t setting_temp1 = 80;
   4          uint8_t setting_temp2 = 80;
   5          uint8_t setting_temp3 = 80;
   6          uint8_t setting_temp4 = 80;
   7          
   8          void temp_sacn()
   9          {
  10   1          uint8_t i;
  11   1          uint8_t temp;
  12   1      
  13   1          for ( i = 1; i < 5; i++)
  14   1          {
  15   2              temp = get_temp(i);
  16   2              if ( i == 1 )
  17   2              {
  18   3                  sendstr_to_screen("n4.val=",temp);
  19   3                  if ( temp < setting_temp1 )
  20   3                  {
  21   4                      heating_flag1 = 1;
  22   4                  }else {
  23   4                      heating_flag1 = 0;
  24   4                  } 
  25   3              }else if ( i == 2 )
  26   2              {
  27   3                  sendstr_to_screen("n5.val=",temp);
  28   3                  if ( temp < setting_temp2 )
  29   3                  {
  30   4                      heating_flag2 = 1;
  31   4                  }else {
  32   4                      heating_flag2 = 0;
  33   4                  } 
  34   3              }else if ( i == 3 )
  35   2              {
  36   3                  sendstr_to_screen("n6.val=",temp);
  37   3                  if ( temp < setting_temp3 )
  38   3                  {
  39   4                      heating_flag3 = 1;
  40   4                  }else {
  41   4                      heating_flag3 = 0;
  42   4                  } 
  43   3              }else if ( i == 4 )
  44   2              {
  45   3                  sendstr_to_screen("n7.val=",temp);
  46   3                  if ( temp < setting_temp4 )
  47   3                  {
  48   4                      heating_flag4 = 1;
  49   4                  }else {
  50   4                      heating_flag4 = 0;
  51   4                  } 
  52   3              } 
  53   2          }
C51 COMPILER V9.60.7.0   TEMP_MONITOR                                                      12/08/2024 02:25:36 PAGE 2   

  54   1      }


MODULE INFORMATION:   STATIC OVERLAYABLE
   CODE SIZE        =    195    ----
   CONSTANT SIZE    =     32    ----
   XDATA SIZE       =      4       2
   PDATA SIZE       =   ----    ----
   DATA SIZE        =   ----    ----
   IDATA SIZE       =   ----    ----
   BIT SIZE         =   ----    ----
END OF MODULE INFORMATION.


C51 COMPILATION COMPLETE.  0 WARNING(S),  0 ERROR(S)
