C51 COMPILER V9.60.7.0   TIMER                                                             12/06/2024 16:45:36 PAGE 1   


C51 COMPILER V9.60.7.0, COMPILATION OF MODULE TIMER
OBJECT MODULE PLACED IN .\Output\timer.obj
COMPILER INVOKED BY: D:\APP\Keil_v5\C51\BIN\C51.EXE Core\Src\timer.c LARGE OPTIMIZE(8,SPEED) BROWSE INCDIR(.\BSP\Inc;.\C
                    -ore\Inc;.\Drivers;.\Emembed\Inc;.\Emembed\Inc;.\Middlewares;.\SYSTEM) DEBUG OBJECTEXTEND PRINT(.\Listings\timer.lst) OBJ
                    -ECT(.\Output\timer.obj)

line level    source

   1          /*
   2                  TIM0:定时器
   3                  TIM1:加热
   4                  TIM2:串口1
   5                  TIM3:串口三
   6                  TIM4:串口四
   7          */
   8          
   9          #include "timer.h"
  10          
  11          void Tim0_Init( void )         //11.0592Mhz  10ms
  12          {
  13   1          AUXR &= 0x7F;                       //定时器时钟12T模式
  14   1              TMOD &= 0xF0;                   //设置定时器模式
  15   1      
  16   1              TL0 = 0x00;                             //设置定时初始值
  17   1              TH0 = 0xDC;                             //设置定时初始值
  18   1      
  19   1              TF0 = 0;                                //清除TF0标志
  20   1              TR0 = 1;                                //定时器0开始计时
  21   1      
  22   1              ET0 = 1;            //打开IE-ET0，TIM0中断
  23   1      }
  24          
  25          void Tim1_Init( void )            //11.0592Mhz  10ms  16位手动装载
  26          {   
  27   1              AUXR &= 0xBF;                //定时器时钟12T模式
  28   1              TMOD &= 0x0F;                //设置定时器模式
  29   1              TMOD |= 0x10;                //设置定时器模式   手动/自动开关
  30   1      }
  31          
  32          void Tim3_Init( void )            //10毫秒@11.0592MHz
  33          {
  34   1              T4T3M &= 0xFD;               //定时器时钟12T模式
  35   1              T3L = 0x00;                  //设置定时初始值
  36   1              T3H = 0xDC;                  //设置定时初始值
  37   1              T4T3M |= 0x08;              //定时器3开始计时
  38   1          
  39   1          IE2 |= 0x20;                //打开IE2-ET2，TIM3中断
  40   1      }
  41          
  42          void ET0_Init( void )
  43          {
  44   1          IT0 = 1;   //下降沿触发过零检测信号
  45   1          EX0 = 1;
  46   1      }
  47          


MODULE INFORMATION:   STATIC OVERLAYABLE
   CODE SIZE        =     50    ----
   CONSTANT SIZE    =   ----    ----
   XDATA SIZE       =   ----    ----
C51 COMPILER V9.60.7.0   TIMER                                                             12/06/2024 16:45:36 PAGE 2   

   PDATA SIZE       =   ----    ----
   DATA SIZE        =   ----    ----
   IDATA SIZE       =   ----    ----
   BIT SIZE         =   ----    ----
END OF MODULE INFORMATION.


C51 COMPILATION COMPLETE.  0 WARNING(S),  0 ERROR(S)
